<?xml version="1.0" encoding="UTF-8"?>
<coverage generated="1605727253863" clover="3.2.0">
  <project timestamp="1605727253863" name="All files">
    <metrics statements="43" coveredstatements="25" conditionals="10" coveredconditionals="7" methods="20" coveredmethods="10" elements="73" coveredelements="42" complexity="0" loc="43" ncloc="43" packages="1" files="6" classes="6"/>
    <file name="App.jsx" path="/Users/yingguo/gitroot/front-end-capstone/customer-reviews/client/src/components/App.jsx">
      <metrics statements="15" coveredstatements="14" conditionals="6" coveredconditionals="6" methods="7" coveredmethods="6"/>
      <line num="11" count="4" type="stmt"/>
      <line num="12" count="4" type="stmt"/>
      <line num="18" count="4" type="stmt"/>
      <line num="19" count="4" type="stmt"/>
      <line num="25" count="5" type="stmt"/>
      <line num="29" count="4" type="stmt"/>
      <line num="31" count="4" type="stmt"/>
      <line num="34" count="0" type="stmt"/>
      <line num="39" count="4" type="stmt"/>
      <line num="40" count="4" type="stmt"/>
      <line num="41" count="8" type="stmt"/>
      <line num="43" count="4" type="stmt"/>
      <line num="48" count="4" type="stmt"/>
      <line num="49" count="4" type="stmt"/>
      <line num="57" count="9" type="stmt"/>
    </file>
    <file name="NewestView.jsx" path="/Users/yingguo/gitroot/front-end-capstone/customer-reviews/client/src/components/NewestView.jsx">
      <metrics statements="6" coveredstatements="0" conditionals="0" coveredconditionals="0" methods="3" coveredmethods="0"/>
      <line num="8" count="0" type="stmt"/>
      <line num="12" count="0" type="stmt"/>
      <line num="13" count="0" type="stmt"/>
      <line num="14" count="0" type="stmt"/>
      <line num="17" count="0" type="stmt"/>
      <line num="20" count="0" type="stmt"/>
    </file>
    <file name="RatingBreakdown.jsx" path="/Users/yingguo/gitroot/front-end-capstone/customer-reviews/client/src/components/RatingBreakdown.jsx">
      <metrics statements="4" coveredstatements="2" conditionals="0" coveredconditionals="0" methods="1" coveredmethods="0"/>
      <line num="6" count="1" type="stmt"/>
      <line num="7" count="0" type="stmt"/>
      <line num="44" count="0" type="stmt"/>
      <line num="51" count="1" type="stmt"/>
    </file>
    <file name="RecommendSummary.jsx" path="/Users/yingguo/gitroot/front-end-capstone/customer-reviews/client/src/components/RecommendSummary.jsx">
      <metrics statements="2" coveredstatements="1" conditionals="0" coveredconditionals="0" methods="1" coveredmethods="0"/>
      <line num="3" count="1" type="stmt"/>
      <line num="4" count="0" type="stmt"/>
    </file>
    <file name="Reviews.jsx" path="/Users/yingguo/gitroot/front-end-capstone/customer-reviews/client/src/components/Reviews.jsx">
      <metrics statements="13" coveredstatements="8" conditionals="4" coveredconditionals="1" methods="6" coveredmethods="4"/>
      <line num="8" count="1" type="stmt"/>
      <line num="9" count="1" type="stmt"/>
      <line num="12" count="1" type="stmt"/>
      <line num="13" count="1" type="stmt"/>
      <line num="17" count="1" type="stmt"/>
      <line num="21" count="0" type="stmt"/>
      <line num="22" count="0" type="cond" truecount="0" falsecount="2"/>
      <line num="23" count="0" type="stmt"/>
      <line num="24" count="0" type="stmt"/>
      <line num="25" count="0" type="stmt"/>
      <line num="32" count="1" type="stmt"/>
      <line num="38" count="1" type="stmt"/>
      <line num="58" count="2" type="stmt"/>
    </file>
    <file name="StarRatingSummary.jsx" path="/Users/yingguo/gitroot/front-end-capstone/customer-reviews/client/src/components/StarRatingSummary.jsx">
      <metrics statements="3" coveredstatements="0" conditionals="0" coveredconditionals="0" methods="2" coveredmethods="0"/>
      <line num="9" count="0" type="stmt"/>
      <line num="10" count="0" type="stmt"/>
      <line num="14" count="0" type="stmt"/>
    </file>
  </project>
</coverage>
