<?xml version="1.0" encoding="UTF-8"?>
<coverage generated="1605856763490" clover="3.2.0">
  <project timestamp="1605856763490" name="All files">
    <metrics statements="110" coveredstatements="61" conditionals="36" coveredconditionals="26" methods="34" coveredmethods="17" elements="180" coveredelements="104" complexity="0" loc="110" ncloc="110" packages="1" files="7" classes="7"/>
    <file name="App.jsx" path="/Users/yingguo/gitroot/front-end-capstone/customer-reviews/client/src/components/App.jsx">
      <metrics statements="17" coveredstatements="15" conditionals="8" coveredconditionals="8" methods="8" coveredmethods="6"/>
      <line num="11" count="4" type="stmt"/>
      <line num="12" count="4" type="stmt"/>
      <line num="19" count="4" type="stmt"/>
      <line num="20" count="4" type="stmt"/>
      <line num="21" count="4" type="stmt"/>
      <line num="25" count="6" type="stmt"/>
      <line num="29" count="5" type="stmt"/>
      <line num="31" count="5" type="stmt"/>
      <line num="34" count="0" type="stmt"/>
      <line num="39" count="5" type="stmt"/>
      <line num="40" count="5" type="stmt"/>
      <line num="41" count="10" type="stmt"/>
      <line num="43" count="5" type="stmt"/>
      <line num="48" count="5" type="stmt"/>
      <line num="49" count="5" type="stmt"/>
      <line num="57" count="0" type="stmt"/>
      <line num="63" count="10" type="stmt"/>
    </file>
    <file name="NewestView.jsx" path="/Users/yingguo/gitroot/front-end-capstone/customer-reviews/client/src/components/NewestView.jsx">
      <metrics statements="13" coveredstatements="1" conditionals="0" coveredconditionals="0" methods="4" coveredmethods="0"/>
      <line num="8" count="0" type="stmt"/>
      <line num="9" count="0" type="stmt"/>
      <line num="12" count="0" type="stmt"/>
      <line num="16" count="0" type="stmt"/>
      <line num="17" count="0" type="stmt"/>
      <line num="18" count="0" type="stmt"/>
      <line num="19" count="0" type="stmt"/>
      <line num="22" count="0" type="stmt"/>
      <line num="26" count="0" type="stmt"/>
      <line num="27" count="0" type="stmt"/>
      <line num="30" count="0" type="stmt"/>
      <line num="33" count="0" type="stmt"/>
      <line num="62" count="2" type="stmt"/>
    </file>
    <file name="RatingBreakdown.jsx" path="/Users/yingguo/gitroot/front-end-capstone/customer-reviews/client/src/components/RatingBreakdown.jsx">
      <metrics statements="12" coveredstatements="1" conditionals="0" coveredconditionals="0" methods="4" coveredmethods="0"/>
      <line num="10" count="0" type="stmt"/>
      <line num="11" count="0" type="stmt"/>
      <line num="12" count="0" type="stmt"/>
      <line num="16" count="0" type="stmt"/>
      <line num="20" count="0" type="stmt"/>
      <line num="21" count="0" type="stmt"/>
      <line num="24" count="0" type="stmt"/>
      <line num="25" count="0" type="stmt"/>
      <line num="26" count="0" type="stmt"/>
      <line num="28" count="0" type="stmt"/>
      <line num="31" count="0" type="stmt"/>
      <line num="50" count="1" type="stmt"/>
    </file>
    <file name="RecommendSummary.jsx" path="/Users/yingguo/gitroot/front-end-capstone/customer-reviews/client/src/components/RecommendSummary.jsx">
      <metrics statements="12" coveredstatements="2" conditionals="0" coveredconditionals="0" methods="3" coveredmethods="0"/>
      <line num="5" count="1" type="stmt"/>
      <line num="6" count="0" type="stmt"/>
      <line num="9" count="0" type="stmt"/>
      <line num="13" count="0" type="stmt"/>
      <line num="14" count="0" type="stmt"/>
      <line num="15" count="0" type="stmt"/>
      <line num="17" count="0" type="stmt"/>
      <line num="18" count="0" type="stmt"/>
      <line num="23" count="0" type="stmt"/>
      <line num="24" count="0" type="stmt"/>
      <line num="26" count="0" type="stmt"/>
      <line num="88" count="1" type="stmt"/>
    </file>
    <file name="Reviews.jsx" path="/Users/yingguo/gitroot/front-end-capstone/customer-reviews/client/src/components/Reviews.jsx">
      <metrics statements="47" coveredstatements="40" conditionals="28" coveredconditionals="18" methods="12" coveredmethods="11"/>
      <line num="10" count="9" type="stmt"/>
      <line num="11" count="9" type="stmt"/>
      <line num="17" count="9" type="stmt"/>
      <line num="18" count="9" type="stmt"/>
      <line num="19" count="9" type="stmt"/>
      <line num="20" count="9" type="stmt"/>
      <line num="21" count="9" type="stmt"/>
      <line num="25" count="10" type="stmt"/>
      <line num="29" count="24" type="cond" truecount="2" falsecount="0"/>
      <line num="30" count="9" type="stmt"/>
      <line num="35" count="9" type="cond" truecount="2" falsecount="2"/>
      <line num="36" count="9" type="stmt"/>
      <line num="37" count="16" type="stmt"/>
      <line num="38" count="9" type="stmt"/>
      <line num="46" count="2" type="stmt"/>
      <line num="47" count="2" type="stmt"/>
      <line num="48" count="2" type="cond" truecount="2" falsecount="0"/>
      <line num="49" count="1" type="stmt"/>
      <line num="50" count="1" type="stmt"/>
      <line num="53" count="1" type="cond" truecount="1" falsecount="1"/>
      <line num="54" count="1" type="stmt"/>
      <line num="55" count="1" type="stmt"/>
      <line num="56" count="5" type="cond" truecount="2" falsecount="0"/>
      <line num="57" count="3" type="stmt"/>
      <line num="58" count="3" type="stmt"/>
      <line num="61" count="2" type="stmt"/>
      <line num="62" count="1" type="stmt"/>
      <line num="65" count="0" type="cond" truecount="0" falsecount="2"/>
      <line num="66" count="0" type="stmt"/>
      <line num="67" count="0" type="stmt"/>
      <line num="74" count="3" type="stmt"/>
      <line num="75" count="3" type="cond" truecount="2" falsecount="0"/>
      <line num="76" count="2" type="stmt"/>
      <line num="77" count="2" type="cond" truecount="1" falsecount="1"/>
      <line num="78" count="0" type="cond" truecount="0" falsecount="2"/>
      <line num="79" count="0" type="stmt"/>
      <line num="84" count="2" type="stmt"/>
      <line num="88" count="1" type="cond" truecount="1" falsecount="1"/>
      <line num="89" count="1" type="cond" truecount="1" falsecount="1"/>
      <line num="90" count="0" type="stmt"/>
      <line num="94" count="1" type="stmt"/>
      <line num="102" count="0" type="stmt"/>
      <line num="108" count="10" type="cond" truecount="2" falsecount="0"/>
      <line num="109" count="2" type="stmt"/>
      <line num="115" count="8" type="stmt"/>
      <line num="123" count="35" type="stmt"/>
      <line num="156" count="2" type="stmt"/>
    </file>
    <file name="StarRatingSummary.jsx" path="/Users/yingguo/gitroot/front-end-capstone/customer-reviews/client/src/components/StarRatingSummary.jsx">
      <metrics statements="3" coveredstatements="0" conditionals="0" coveredconditionals="0" methods="2" coveredmethods="0"/>
      <line num="9" count="0" type="stmt"/>
      <line num="10" count="0" type="stmt"/>
      <line num="14" count="0" type="stmt"/>
    </file>
    <file name="StarScale.jsx" path="/Users/yingguo/gitroot/front-end-capstone/customer-reviews/client/src/components/StarScale.jsx">
      <metrics statements="6" coveredstatements="2" conditionals="0" coveredconditionals="0" methods="1" coveredmethods="0"/>
      <line num="5" count="2" type="stmt"/>
      <line num="6" count="0" type="stmt"/>
      <line num="7" count="0" type="stmt"/>
      <line num="8" count="0" type="stmt"/>
      <line num="10" count="0" type="stmt"/>
      <line num="18" count="2" type="stmt"/>
    </file>
  </project>
</coverage>
