{"/Users/yingguo/gitroot/front-end-capstone/customer-reviews/client/src/components/App.jsx": {"path":"/Users/yingguo/gitroot/front-end-capstone/customer-reviews/client/src/components/App.jsx","statementMap":{"0":{"start":{"line":11,"column":4},"end":{"line":11,"column":17}},"1":{"start":{"line":12,"column":4},"end":{"line":17,"column":6}},"2":{"start":{"line":18,"column":4},"end":{"line":18,"column":53}},"3":{"start":{"line":19,"column":4},"end":{"line":19,"column":59}},"4":{"start":{"line":25,"column":4},"end":{"line":25,"column":24}},"5":{"start":{"line":29,"column":4},"end":{"line":35,"column":9}},"6":{"start":{"line":31,"column":8},"end":{"line":31,"column":35}},"7":{"start":{"line":34,"column":8},"end":{"line":34,"column":18}},"8":{"start":{"line":39,"column":23},"end":{"line":39,"column":99}},"9":{"start":{"line":40,"column":4},"end":{"line":42,"column":5}},"10":{"start":{"line":40,"column":17},"end":{"line":40,"column":18}},"11":{"start":{"line":41,"column":6},"end":{"line":41,"column":43}},"12":{"start":{"line":43,"column":17},"end":{"line":47,"column":51}},"13":{"start":{"line":48,"column":4},"end":{"line":48,"column":50}},"14":{"start":{"line":49,"column":4},"end":{"line":53,"column":7}},"15":{"start":{"line":57,"column":4},"end":{"line":78,"column":6}}},"fnMap":{"0":{"name":"(anonymous_0)","decl":{"start":{"line":10,"column":2},"end":{"line":10,"column":3}},"loc":{"start":{"line":10,"column":21},"end":{"line":22,"column":3}},"line":10},"1":{"name":"(anonymous_1)","decl":{"start":{"line":24,"column":2},"end":{"line":24,"column":3}},"loc":{"start":{"line":24,"column":22},"end":{"line":26,"column":3}},"line":24},"2":{"name":"(anonymous_2)","decl":{"start":{"line":28,"column":2},"end":{"line":28,"column":3}},"loc":{"start":{"line":28,"column":17},"end":{"line":36,"column":3}},"line":28},"3":{"name":"(anonymous_3)","decl":{"start":{"line":30,"column":12},"end":{"line":30,"column":13}},"loc":{"start":{"line":30,"column":26},"end":{"line":32,"column":7}},"line":30},"4":{"name":"(anonymous_4)","decl":{"start":{"line":33,"column":13},"end":{"line":33,"column":14}},"loc":{"start":{"line":33,"column":22},"end":{"line":35,"column":7}},"line":33},"5":{"name":"(anonymous_5)","decl":{"start":{"line":38,"column":2},"end":{"line":38,"column":3}},"loc":{"start":{"line":38,"column":27},"end":{"line":54,"column":3}},"line":38},"6":{"name":"(anonymous_6)","decl":{"start":{"line":56,"column":2},"end":{"line":56,"column":3}},"loc":{"start":{"line":56,"column":11},"end":{"line":79,"column":3}},"line":56}},"branchMap":{"0":{"loc":{"start":{"line":62,"column":13},"end":{"line":68,"column":13}},"type":"binary-expr","locations":[{"start":{"line":62,"column":13},"end":{"line":62,"column":42}},{"start":{"line":63,"column":12},"end":{"line":67,"column":14}}],"line":62},"1":{"loc":{"start":{"line":69,"column":13},"end":{"line":71,"column":13}},"type":"binary-expr","locations":[{"start":{"line":69,"column":13},"end":{"line":69,"column":42}},{"start":{"line":70,"column":12},"end":{"line":70,"column":32}}],"line":69},"2":{"loc":{"start":{"line":73,"column":11},"end":{"line":75,"column":11}},"type":"binary-expr","locations":[{"start":{"line":73,"column":11},"end":{"line":73,"column":40}},{"start":{"line":74,"column":10},"end":{"line":74,"column":50}}],"line":73}},"s":{"0":4,"1":4,"2":4,"3":4,"4":5,"5":4,"6":4,"7":0,"8":4,"9":4,"10":4,"11":8,"12":4,"13":4,"14":4,"15":9},"f":{"0":4,"1":5,"2":4,"3":4,"4":0,"5":4,"6":9},"b":{"0":[9,4],"1":[9,4],"2":[9,4]},"_coverageSchema":"1a1c01bbd47fc00a2c39e90264f33305004495a9","hash":"9631fce3560a8bdb8c3f96ea7a64cb1b60d0d14f"}
,"/Users/yingguo/gitroot/front-end-capstone/customer-reviews/client/src/components/NewestView.jsx": {"path":"/Users/yingguo/gitroot/front-end-capstone/customer-reviews/client/src/components/NewestView.jsx","statementMap":{"0":{"start":{"line":8,"column":4},"end":{"line":8,"column":17}},"1":{"start":{"line":12,"column":24},"end":{"line":12,"column":34}},"2":{"start":{"line":13,"column":4},"end":{"line":13,"column":70}},"3":{"start":{"line":14,"column":22},"end":{"line":16,"column":5}},"4":{"start":{"line":17,"column":4},"end":{"line":42,"column":6}},"5":{"start":{"line":20,"column":10},"end":{"line":39,"column":16}}},"fnMap":{"0":{"name":"(anonymous_0)","decl":{"start":{"line":7,"column":2},"end":{"line":7,"column":3}},"loc":{"start":{"line":7,"column":21},"end":{"line":9,"column":3}},"line":7},"1":{"name":"(anonymous_1)","decl":{"start":{"line":11,"column":2},"end":{"line":11,"column":3}},"loc":{"start":{"line":11,"column":11},"end":{"line":43,"column":3}},"line":11},"2":{"name":"(anonymous_2)","decl":{"start":{"line":19,"column":21},"end":{"line":19,"column":22}},"loc":{"start":{"line":20,"column":10},"end":{"line":39,"column":16}},"line":20}},"branchMap":{},"s":{"0":0,"1":0,"2":0,"3":0,"4":0,"5":0},"f":{"0":0,"1":0,"2":0},"b":{},"_coverageSchema":"1a1c01bbd47fc00a2c39e90264f33305004495a9","hash":"1e3e74d7d7ab6e3226c8b91761bb1a0aab3e6d55"}
,"/Users/yingguo/gitroot/front-end-capstone/customer-reviews/client/src/components/RatingBreakdown.jsx": {"path":"/Users/yingguo/gitroot/front-end-capstone/customer-reviews/client/src/components/RatingBreakdown.jsx","statementMap":{"0":{"start":{"line":6,"column":24},"end":{"line":49,"column":1}},"1":{"start":{"line":7,"column":33},"end":{"line":7,"column":38}},"2":{"start":{"line":44,"column":2},"end":{"line":48,"column":4}},"3":{"start":{"line":51,"column":0},"end":{"line":53,"column":2}}},"fnMap":{"0":{"name":"(anonymous_0)","decl":{"start":{"line":6,"column":24},"end":{"line":6,"column":25}},"loc":{"start":{"line":6,"column":35},"end":{"line":49,"column":1}},"line":6}},"branchMap":{},"s":{"0":1,"1":0,"2":0,"3":1},"f":{"0":0},"b":{},"_coverageSchema":"1a1c01bbd47fc00a2c39e90264f33305004495a9","hash":"be011875046d277cd469729ff5019a1a6b3599f2"}
,"/Users/yingguo/gitroot/front-end-capstone/customer-reviews/client/src/components/RecommendSummary.jsx": {"path":"/Users/yingguo/gitroot/front-end-capstone/customer-reviews/client/src/components/RecommendSummary.jsx","statementMap":{"0":{"start":{"line":3,"column":25},"end":{"line":7,"column":1}},"1":{"start":{"line":4,"column":2},"end":{"line":6,"column":8}}},"fnMap":{"0":{"name":"(anonymous_0)","decl":{"start":{"line":3,"column":25},"end":{"line":3,"column":26}},"loc":{"start":{"line":4,"column":2},"end":{"line":6,"column":8}},"line":4}},"branchMap":{},"s":{"0":1,"1":0},"f":{"0":0},"b":{},"_coverageSchema":"1a1c01bbd47fc00a2c39e90264f33305004495a9","hash":"79fe064de77cfd1e6115d3068b5226fc4c81bfe2"}
,"/Users/yingguo/gitroot/front-end-capstone/customer-reviews/client/src/components/Reviews.jsx": {"path":"/Users/yingguo/gitroot/front-end-capstone/customer-reviews/client/src/components/Reviews.jsx","statementMap":{"0":{"start":{"line":8,"column":4},"end":{"line":8,"column":17}},"1":{"start":{"line":9,"column":4},"end":{"line":11,"column":6}},"2":{"start":{"line":12,"column":4},"end":{"line":12,"column":51}},"3":{"start":{"line":13,"column":4},"end":{"line":13,"column":51}},"4":{"start":{"line":17,"column":4},"end":{"line":17,"column":23}},"5":{"start":{"line":21,"column":4},"end":{"line":21,"column":32}},"6":{"start":{"line":22,"column":4},"end":{"line":28,"column":5}},"7":{"start":{"line":23,"column":18},"end":{"line":23,"column":36}},"8":{"start":{"line":24,"column":6},"end":{"line":24,"column":80}},"9":{"start":{"line":24,"column":25},"end":{"line":24,"column":78}},"10":{"start":{"line":25,"column":6},"end":{"line":27,"column":9}},"11":{"start":{"line":32,"column":4},"end":{"line":34,"column":7}},"12":{"start":{"line":38,"column":4},"end":{"line":54,"column":6}},"13":{"start":{"line":58,"column":0},"end":{"line":60,"column":2}}},"fnMap":{"0":{"name":"(anonymous_0)","decl":{"start":{"line":7,"column":2},"end":{"line":7,"column":3}},"loc":{"start":{"line":7,"column":21},"end":{"line":14,"column":3}},"line":7},"1":{"name":"(anonymous_1)","decl":{"start":{"line":16,"column":2},"end":{"line":16,"column":3}},"loc":{"start":{"line":16,"column":22},"end":{"line":18,"column":3}},"line":16},"2":{"name":"(anonymous_2)","decl":{"start":{"line":20,"column":2},"end":{"line":20,"column":3}},"loc":{"start":{"line":20,"column":17},"end":{"line":29,"column":3}},"line":20},"3":{"name":"(anonymous_3)","decl":{"start":{"line":24,"column":15},"end":{"line":24,"column":16}},"loc":{"start":{"line":24,"column":25},"end":{"line":24,"column":78}},"line":24},"4":{"name":"(anonymous_4)","decl":{"start":{"line":31,"column":2},"end":{"line":31,"column":3}},"loc":{"start":{"line":31,"column":16},"end":{"line":35,"column":3}},"line":31},"5":{"name":"(anonymous_5)","decl":{"start":{"line":37,"column":2},"end":{"line":37,"column":3}},"loc":{"start":{"line":37,"column":11},"end":{"line":55,"column":3}},"line":37}},"branchMap":{"0":{"loc":{"start":{"line":22,"column":4},"end":{"line":28,"column":5}},"type":"if","locations":[{"start":{"line":22,"column":4},"end":{"line":28,"column":5}},{"start":{"line":22,"column":4},"end":{"line":28,"column":5}}],"line":22},"1":{"loc":{"start":{"line":51,"column":9},"end":{"line":52,"column":56}},"type":"binary-expr","locations":[{"start":{"line":51,"column":9},"end":{"line":51,"column":51}},{"start":{"line":52,"column":12},"end":{"line":52,"column":55}}],"line":51}},"s":{"0":1,"1":1,"2":1,"3":1,"4":1,"5":0,"6":0,"7":0,"8":0,"9":0,"10":0,"11":1,"12":1,"13":2},"f":{"0":1,"1":1,"2":0,"3":0,"4":1,"5":1},"b":{"0":[0,0],"1":[1,0]},"_coverageSchema":"1a1c01bbd47fc00a2c39e90264f33305004495a9","hash":"ea044ef46b9a2a8d3d5a29865089e73b4278f119"}
,"/Users/yingguo/gitroot/front-end-capstone/customer-reviews/client/src/components/StarRatingSummary.jsx": {"path":"/Users/yingguo/gitroot/front-end-capstone/customer-reviews/client/src/components/StarRatingSummary.jsx","statementMap":{"0":{"start":{"line":9,"column":4},"end":{"line":9,"column":17}},"1":{"start":{"line":10,"column":4},"end":{"line":10,"column":20}},"2":{"start":{"line":14,"column":4},"end":{"line":39,"column":6}}},"fnMap":{"0":{"name":"(anonymous_0)","decl":{"start":{"line":8,"column":2},"end":{"line":8,"column":3}},"loc":{"start":{"line":8,"column":21},"end":{"line":11,"column":3}},"line":8},"1":{"name":"(anonymous_1)","decl":{"start":{"line":13,"column":2},"end":{"line":13,"column":3}},"loc":{"start":{"line":13,"column":11},"end":{"line":40,"column":3}},"line":13}},"branchMap":{},"s":{"0":0,"1":0,"2":0},"f":{"0":0,"1":0},"b":{},"_coverageSchema":"1a1c01bbd47fc00a2c39e90264f33305004495a9","hash":"ab4ebe0b05bbdf4b388880d3cdb2ac09359ee951"}
}
