{"/Users/yingguo/gitroot/front-end-capstone/customer-reviews/client/src/components/App.jsx": {"path":"/Users/yingguo/gitroot/front-end-capstone/customer-reviews/client/src/components/App.jsx","statementMap":{"0":{"start":{"line":11,"column":4},"end":{"line":11,"column":17}},"1":{"start":{"line":12,"column":4},"end":{"line":17,"column":6}},"2":{"start":{"line":18,"column":4},"end":{"line":18,"column":53}},"3":{"start":{"line":19,"column":4},"end":{"line":19,"column":59}},"4":{"start":{"line":25,"column":4},"end":{"line":25,"column":24}},"5":{"start":{"line":29,"column":4},"end":{"line":35,"column":9}},"6":{"start":{"line":31,"column":8},"end":{"line":31,"column":35}},"7":{"start":{"line":34,"column":8},"end":{"line":34,"column":18}},"8":{"start":{"line":39,"column":23},"end":{"line":39,"column":99}},"9":{"start":{"line":40,"column":4},"end":{"line":42,"column":5}},"10":{"start":{"line":40,"column":17},"end":{"line":40,"column":18}},"11":{"start":{"line":41,"column":6},"end":{"line":41,"column":43}},"12":{"start":{"line":43,"column":17},"end":{"line":47,"column":51}},"13":{"start":{"line":48,"column":4},"end":{"line":48,"column":50}},"14":{"start":{"line":49,"column":4},"end":{"line":53,"column":7}},"15":{"start":{"line":57,"column":4},"end":{"line":79,"column":6}}},"fnMap":{"0":{"name":"(anonymous_0)","decl":{"start":{"line":10,"column":2},"end":{"line":10,"column":3}},"loc":{"start":{"line":10,"column":21},"end":{"line":22,"column":3}},"line":10},"1":{"name":"(anonymous_1)","decl":{"start":{"line":24,"column":2},"end":{"line":24,"column":3}},"loc":{"start":{"line":24,"column":22},"end":{"line":26,"column":3}},"line":24},"2":{"name":"(anonymous_2)","decl":{"start":{"line":28,"column":2},"end":{"line":28,"column":3}},"loc":{"start":{"line":28,"column":17},"end":{"line":36,"column":3}},"line":28},"3":{"name":"(anonymous_3)","decl":{"start":{"line":30,"column":12},"end":{"line":30,"column":13}},"loc":{"start":{"line":30,"column":26},"end":{"line":32,"column":7}},"line":30},"4":{"name":"(anonymous_4)","decl":{"start":{"line":33,"column":13},"end":{"line":33,"column":14}},"loc":{"start":{"line":33,"column":22},"end":{"line":35,"column":7}},"line":33},"5":{"name":"(anonymous_5)","decl":{"start":{"line":38,"column":2},"end":{"line":38,"column":3}},"loc":{"start":{"line":38,"column":27},"end":{"line":54,"column":3}},"line":38},"6":{"name":"(anonymous_6)","decl":{"start":{"line":56,"column":2},"end":{"line":56,"column":3}},"loc":{"start":{"line":56,"column":11},"end":{"line":80,"column":3}},"line":56}},"branchMap":{"0":{"loc":{"start":{"line":62,"column":13},"end":{"line":68,"column":13}},"type":"binary-expr","locations":[{"start":{"line":62,"column":13},"end":{"line":62,"column":42}},{"start":{"line":63,"column":12},"end":{"line":67,"column":14}}],"line":62},"1":{"loc":{"start":{"line":69,"column":13},"end":{"line":71,"column":13}},"type":"binary-expr","locations":[{"start":{"line":69,"column":13},"end":{"line":69,"column":42}},{"start":{"line":70,"column":12},"end":{"line":70,"column":32}}],"line":69},"2":{"loc":{"start":{"line":73,"column":11},"end":{"line":75,"column":11}},"type":"binary-expr","locations":[{"start":{"line":73,"column":11},"end":{"line":73,"column":40}},{"start":{"line":74,"column":10},"end":{"line":74,"column":95}}],"line":73},"3":{"loc":{"start":{"line":76,"column":11},"end":{"line":76,"column":72}},"type":"binary-expr","locations":[{"start":{"line":76,"column":11},"end":{"line":76,"column":42}},{"start":{"line":76,"column":47},"end":{"line":76,"column":71}}],"line":76}},"s":{"0":4,"1":4,"2":4,"3":4,"4":6,"5":5,"6":5,"7":0,"8":5,"9":5,"10":5,"11":10,"12":5,"13":5,"14":5,"15":10},"f":{"0":4,"1":6,"2":5,"3":5,"4":0,"5":5,"6":10},"b":{"0":[10,5],"1":[10,5],"2":[10,5],"3":[10,5]},"_coverageSchema":"1a1c01bbd47fc00a2c39e90264f33305004495a9","hash":"19bd70644fb06e5646d7c58e850c4fdd6095ab3e"}
,"/Users/yingguo/gitroot/front-end-capstone/customer-reviews/client/src/components/NewestView.jsx": {"path":"/Users/yingguo/gitroot/front-end-capstone/customer-reviews/client/src/components/NewestView.jsx","statementMap":{"0":{"start":{"line":8,"column":4},"end":{"line":8,"column":17}},"1":{"start":{"line":12,"column":24},"end":{"line":12,"column":34}},"2":{"start":{"line":13,"column":4},"end":{"line":13,"column":70}},"3":{"start":{"line":14,"column":22},"end":{"line":16,"column":5}},"4":{"start":{"line":17,"column":4},"end":{"line":42,"column":6}},"5":{"start":{"line":20,"column":10},"end":{"line":39,"column":16}}},"fnMap":{"0":{"name":"(anonymous_0)","decl":{"start":{"line":7,"column":2},"end":{"line":7,"column":3}},"loc":{"start":{"line":7,"column":21},"end":{"line":9,"column":3}},"line":7},"1":{"name":"(anonymous_1)","decl":{"start":{"line":11,"column":2},"end":{"line":11,"column":3}},"loc":{"start":{"line":11,"column":11},"end":{"line":43,"column":3}},"line":11},"2":{"name":"(anonymous_2)","decl":{"start":{"line":19,"column":21},"end":{"line":19,"column":22}},"loc":{"start":{"line":20,"column":10},"end":{"line":39,"column":16}},"line":20}},"branchMap":{},"s":{"0":0,"1":0,"2":0,"3":0,"4":0,"5":0},"f":{"0":0,"1":0,"2":0},"b":{},"_coverageSchema":"1a1c01bbd47fc00a2c39e90264f33305004495a9","hash":"1e3e74d7d7ab6e3226c8b91761bb1a0aab3e6d55"}
,"/Users/yingguo/gitroot/front-end-capstone/customer-reviews/client/src/components/RatingBreakdown.jsx": {"path":"/Users/yingguo/gitroot/front-end-capstone/customer-reviews/client/src/components/RatingBreakdown.jsx","statementMap":{"0":{"start":{"line":4,"column":24},"end":{"line":12,"column":1}},"1":{"start":{"line":5,"column":33},"end":{"line":5,"column":38}},"2":{"start":{"line":7,"column":2},"end":{"line":11,"column":4}},"3":{"start":{"line":14,"column":0},"end":{"line":16,"column":2}}},"fnMap":{"0":{"name":"(anonymous_0)","decl":{"start":{"line":4,"column":24},"end":{"line":4,"column":25}},"loc":{"start":{"line":4,"column":35},"end":{"line":12,"column":1}},"line":4}},"branchMap":{},"s":{"0":1,"1":0,"2":0,"3":1},"f":{"0":0},"b":{},"_coverageSchema":"1a1c01bbd47fc00a2c39e90264f33305004495a9","hash":"0f422be981822da8ef06d773db86c8454200861e"}
,"/Users/yingguo/gitroot/front-end-capstone/customer-reviews/client/src/components/RecommendSummary.jsx": {"path":"/Users/yingguo/gitroot/front-end-capstone/customer-reviews/client/src/components/RecommendSummary.jsx","statementMap":{"0":{"start":{"line":3,"column":25},"end":{"line":7,"column":1}},"1":{"start":{"line":4,"column":2},"end":{"line":6,"column":8}}},"fnMap":{"0":{"name":"(anonymous_0)","decl":{"start":{"line":3,"column":25},"end":{"line":3,"column":26}},"loc":{"start":{"line":4,"column":2},"end":{"line":6,"column":8}},"line":4}},"branchMap":{},"s":{"0":1,"1":0},"f":{"0":0},"b":{},"_coverageSchema":"1a1c01bbd47fc00a2c39e90264f33305004495a9","hash":"79fe064de77cfd1e6115d3068b5226fc4c81bfe2"}
,"/Users/yingguo/gitroot/front-end-capstone/customer-reviews/client/src/components/Reviews.jsx": {"path":"/Users/yingguo/gitroot/front-end-capstone/customer-reviews/client/src/components/Reviews.jsx","statementMap":{"0":{"start":{"line":9,"column":4},"end":{"line":9,"column":17}},"1":{"start":{"line":10,"column":4},"end":{"line":13,"column":6}},"2":{"start":{"line":14,"column":4},"end":{"line":14,"column":51}},"3":{"start":{"line":15,"column":4},"end":{"line":15,"column":51}},"4":{"start":{"line":16,"column":4},"end":{"line":16,"column":55}},"5":{"start":{"line":20,"column":4},"end":{"line":20,"column":23}},"6":{"start":{"line":24,"column":16},"end":{"line":24,"column":34}},"7":{"start":{"line":25,"column":29},"end":{"line":25,"column":39}},"8":{"start":{"line":26,"column":4},"end":{"line":43,"column":5}},"9":{"start":{"line":27,"column":6},"end":{"line":27,"column":80}},"10":{"start":{"line":27,"column":25},"end":{"line":27,"column":78}},"11":{"start":{"line":28,"column":6},"end":{"line":30,"column":9}},"12":{"start":{"line":31,"column":11},"end":{"line":43,"column":5}},"13":{"start":{"line":32,"column":18},"end":{"line":32,"column":29}},"14":{"start":{"line":33,"column":6},"end":{"line":38,"column":7}},"15":{"start":{"line":34,"column":8},"end":{"line":37,"column":9}},"16":{"start":{"line":35,"column":10},"end":{"line":35,"column":37}},"17":{"start":{"line":36,"column":10},"end":{"line":36,"column":23}},"18":{"start":{"line":39,"column":22},"end":{"line":39,"column":75}},"19":{"start":{"line":39,"column":45},"end":{"line":39,"column":74}},"20":{"start":{"line":40,"column":6},"end":{"line":42,"column":9}},"21":{"start":{"line":47,"column":27},"end":{"line":47,"column":48}},"22":{"start":{"line":48,"column":4},"end":{"line":71,"column":5}},"23":{"start":{"line":49,"column":25},"end":{"line":49,"column":43}},"24":{"start":{"line":50,"column":6},"end":{"line":60,"column":7}},"25":{"start":{"line":51,"column":8},"end":{"line":55,"column":9}},"26":{"start":{"line":52,"column":10},"end":{"line":54,"column":13}},"27":{"start":{"line":57,"column":8},"end":{"line":59,"column":11}},"28":{"start":{"line":61,"column":11},"end":{"line":71,"column":5}},"29":{"start":{"line":62,"column":6},"end":{"line":70,"column":7}},"30":{"start":{"line":63,"column":8},"end":{"line":65,"column":11}},"31":{"start":{"line":67,"column":8},"end":{"line":69,"column":11}},"32":{"start":{"line":75,"column":4},"end":{"line":86,"column":5}},"33":{"start":{"line":76,"column":6},"end":{"line":80,"column":9}},"34":{"start":{"line":82,"column":6},"end":{"line":85,"column":9}},"35":{"start":{"line":90,"column":4},"end":{"line":114,"column":6}},"36":{"start":{"line":118,"column":0},"end":{"line":121,"column":2}}},"fnMap":{"0":{"name":"(anonymous_0)","decl":{"start":{"line":8,"column":2},"end":{"line":8,"column":3}},"loc":{"start":{"line":8,"column":21},"end":{"line":17,"column":3}},"line":8},"1":{"name":"(anonymous_1)","decl":{"start":{"line":19,"column":2},"end":{"line":19,"column":3}},"loc":{"start":{"line":19,"column":22},"end":{"line":21,"column":3}},"line":19},"2":{"name":"(anonymous_2)","decl":{"start":{"line":23,"column":2},"end":{"line":23,"column":3}},"loc":{"start":{"line":23,"column":17},"end":{"line":44,"column":3}},"line":23},"3":{"name":"(anonymous_3)","decl":{"start":{"line":27,"column":15},"end":{"line":27,"column":16}},"loc":{"start":{"line":27,"column":25},"end":{"line":27,"column":78}},"line":27},"4":{"name":"(anonymous_4)","decl":{"start":{"line":39,"column":33},"end":{"line":39,"column":34}},"loc":{"start":{"line":39,"column":45},"end":{"line":39,"column":74}},"line":39},"5":{"name":"(anonymous_5)","decl":{"start":{"line":46,"column":2},"end":{"line":46,"column":3}},"loc":{"start":{"line":46,"column":19},"end":{"line":72,"column":3}},"line":46},"6":{"name":"(anonymous_6)","decl":{"start":{"line":74,"column":2},"end":{"line":74,"column":3}},"loc":{"start":{"line":74,"column":16},"end":{"line":87,"column":3}},"line":74},"7":{"name":"(anonymous_7)","decl":{"start":{"line":89,"column":2},"end":{"line":89,"column":3}},"loc":{"start":{"line":89,"column":11},"end":{"line":115,"column":3}},"line":89}},"branchMap":{"0":{"loc":{"start":{"line":26,"column":4},"end":{"line":43,"column":5}},"type":"if","locations":[{"start":{"line":26,"column":4},"end":{"line":43,"column":5}},{"start":{"line":26,"column":4},"end":{"line":43,"column":5}}],"line":26},"1":{"loc":{"start":{"line":31,"column":11},"end":{"line":43,"column":5}},"type":"if","locations":[{"start":{"line":31,"column":11},"end":{"line":43,"column":5}},{"start":{"line":31,"column":11},"end":{"line":43,"column":5}}],"line":31},"2":{"loc":{"start":{"line":34,"column":8},"end":{"line":37,"column":9}},"type":"if","locations":[{"start":{"line":34,"column":8},"end":{"line":37,"column":9}},{"start":{"line":34,"column":8},"end":{"line":37,"column":9}}],"line":34},"3":{"loc":{"start":{"line":48,"column":4},"end":{"line":71,"column":5}},"type":"if","locations":[{"start":{"line":48,"column":4},"end":{"line":71,"column":5}},{"start":{"line":48,"column":4},"end":{"line":71,"column":5}}],"line":48},"4":{"loc":{"start":{"line":50,"column":6},"end":{"line":60,"column":7}},"type":"if","locations":[{"start":{"line":50,"column":6},"end":{"line":60,"column":7}},{"start":{"line":50,"column":6},"end":{"line":60,"column":7}}],"line":50},"5":{"loc":{"start":{"line":51,"column":8},"end":{"line":55,"column":9}},"type":"if","locations":[{"start":{"line":51,"column":8},"end":{"line":55,"column":9}},{"start":{"line":51,"column":8},"end":{"line":55,"column":9}}],"line":51},"6":{"loc":{"start":{"line":61,"column":11},"end":{"line":71,"column":5}},"type":"if","locations":[{"start":{"line":61,"column":11},"end":{"line":71,"column":5}},{"start":{"line":61,"column":11},"end":{"line":71,"column":5}}],"line":61},"7":{"loc":{"start":{"line":62,"column":6},"end":{"line":70,"column":7}},"type":"if","locations":[{"start":{"line":62,"column":6},"end":{"line":70,"column":7}},{"start":{"line":62,"column":6},"end":{"line":70,"column":7}}],"line":62},"8":{"loc":{"start":{"line":75,"column":4},"end":{"line":86,"column":5}},"type":"if","locations":[{"start":{"line":75,"column":4},"end":{"line":86,"column":5}},{"start":{"line":75,"column":4},"end":{"line":86,"column":5}}],"line":75},"9":{"loc":{"start":{"line":103,"column":9},"end":{"line":104,"column":85}},"type":"binary-expr","locations":[{"start":{"line":103,"column":9},"end":{"line":103,"column":51}},{"start":{"line":104,"column":12},"end":{"line":104,"column":84}}],"line":103}},"s":{"0":2,"1":2,"2":2,"3":2,"4":2,"5":2,"6":0,"7":0,"8":0,"9":0,"10":0,"11":0,"12":0,"13":0,"14":0,"15":0,"16":0,"17":0,"18":0,"19":0,"20":0,"21":0,"22":0,"23":0,"24":0,"25":0,"26":0,"27":0,"28":0,"29":0,"30":0,"31":0,"32":2,"33":0,"34":2,"35":5,"36":2},"f":{"0":2,"1":2,"2":0,"3":0,"4":0,"5":0,"6":2,"7":5},"b":{"0":[0,0],"1":[0,0],"2":[0,0],"3":[0,0],"4":[0,0],"5":[0,0],"6":[0,0],"7":[0,0],"8":[0,2],"9":[5,3]},"_coverageSchema":"1a1c01bbd47fc00a2c39e90264f33305004495a9","hash":"b1657745f6d66522019ed01931bc22c53c904853"}
,"/Users/yingguo/gitroot/front-end-capstone/customer-reviews/client/src/components/StarRatingSummary.jsx": {"path":"/Users/yingguo/gitroot/front-end-capstone/customer-reviews/client/src/components/StarRatingSummary.jsx","statementMap":{"0":{"start":{"line":9,"column":4},"end":{"line":9,"column":17}},"1":{"start":{"line":10,"column":4},"end":{"line":10,"column":20}},"2":{"start":{"line":14,"column":4},"end":{"line":39,"column":6}}},"fnMap":{"0":{"name":"(anonymous_0)","decl":{"start":{"line":8,"column":2},"end":{"line":8,"column":3}},"loc":{"start":{"line":8,"column":21},"end":{"line":11,"column":3}},"line":8},"1":{"name":"(anonymous_1)","decl":{"start":{"line":13,"column":2},"end":{"line":13,"column":3}},"loc":{"start":{"line":13,"column":11},"end":{"line":40,"column":3}},"line":13}},"branchMap":{},"s":{"0":0,"1":0,"2":0},"f":{"0":0,"1":0},"b":{},"_coverageSchema":"1a1c01bbd47fc00a2c39e90264f33305004495a9","hash":"ab4ebe0b05bbdf4b388880d3cdb2ac09359ee951"}
}
