TN:
SF:client/src/components/App.jsx
FN:10,(anonymous_0)
FN:24,(anonymous_1)
FN:28,(anonymous_2)
FN:30,(anonymous_3)
FN:33,(anonymous_4)
FN:38,(anonymous_5)
FN:56,(anonymous_6)
FN:62,(anonymous_7)
FNF:8
FNH:6
FNDA:4,(anonymous_0)
FNDA:6,(anonymous_1)
FNDA:5,(anonymous_2)
FNDA:5,(anonymous_3)
FNDA:0,(anonymous_4)
FNDA:5,(anonymous_5)
FNDA:0,(anonymous_6)
FNDA:10,(anonymous_7)
DA:11,4
DA:12,4
DA:19,4
DA:20,4
DA:21,4
DA:25,6
DA:29,5
DA:31,5
DA:34,0
DA:39,5
DA:40,5
DA:41,10
DA:43,5
DA:48,5
DA:49,5
DA:57,0
DA:63,10
LF:17
LH:15
BRDA:68,0,0,10
BRDA:68,0,1,5
BRDA:76,1,0,10
BRDA:76,1,1,5
BRDA:80,2,0,10
BRDA:80,2,1,5
BRDA:87,3,0,10
BRDA:87,3,1,5
BRF:8
BRH:8
end_of_record
TN:
SF:client/src/components/NewestView.jsx
FN:7,(anonymous_0)
FN:15,(anonymous_1)
FN:25,(anonymous_2)
FN:32,(anonymous_3)
FNF:4
FNH:0
FNDA:0,(anonymous_0)
FNDA:0,(anonymous_1)
FNDA:0,(anonymous_2)
FNDA:0,(anonymous_3)
DA:8,0
DA:9,0
DA:12,0
DA:16,0
DA:17,0
DA:18,0
DA:19,0
DA:22,0
DA:26,0
DA:27,0
DA:30,0
DA:33,0
DA:62,2
LF:13
LH:1
BRF:0
BRH:0
end_of_record
TN:
SF:client/src/components/RatingBreakdown.jsx
FN:9,(anonymous_0)
FN:15,(anonymous_1)
FN:19,(anonymous_2)
FN:30,(anonymous_3)
FNF:4
FNH:0
FNDA:0,(anonymous_0)
FNDA:0,(anonymous_1)
FNDA:0,(anonymous_2)
FNDA:0,(anonymous_3)
DA:10,0
DA:11,0
DA:12,0
DA:16,0
DA:20,0
DA:21,0
DA:24,0
DA:25,0
DA:26,0
DA:28,0
DA:31,0
DA:50,1
LF:12
LH:1
BRF:0
BRH:0
end_of_record
TN:
SF:client/src/components/RecommendSummary.jsx
FN:5,(anonymous_0)
FN:13,(anonymous_1)
FN:17,(anonymous_2)
FNF:3
FNH:0
FNDA:0,(anonymous_0)
FNDA:0,(anonymous_1)
FNDA:0,(anonymous_2)
DA:5,1
DA:6,0
DA:9,0
DA:13,0
DA:14,0
DA:15,0
DA:17,0
DA:18,0
DA:23,0
DA:24,0
DA:26,0
DA:88,1
LF:12
LH:2
BRF:0
BRH:0
end_of_record
TN:
SF:client/src/components/Reviews.jsx
FN:9,(anonymous_0)
FN:24,(anonymous_1)
FN:28,(anonymous_2)
FN:34,(anonymous_3)
FN:37,(anonymous_4)
FN:45,(anonymous_5)
FN:49,(anonymous_6)
FN:61,(anonymous_7)
FN:73,(anonymous_8)
FN:101,(anonymous_9)
FN:107,(anonymous_10)
FN:122,(anonymous_11)
FNF:12
FNH:11
FNDA:9,(anonymous_0)
FNDA:10,(anonymous_1)
FNDA:24,(anonymous_2)
FNDA:9,(anonymous_3)
FNDA:16,(anonymous_4)
FNDA:2,(anonymous_5)
FNDA:1,(anonymous_6)
FNDA:2,(anonymous_7)
FNDA:3,(anonymous_8)
FNDA:0,(anonymous_9)
FNDA:10,(anonymous_10)
FNDA:35,(anonymous_11)
DA:10,9
DA:11,9
DA:17,9
DA:18,9
DA:19,9
DA:20,9
DA:21,9
DA:25,10
DA:29,24
DA:30,9
DA:35,9
DA:36,9
DA:37,16
DA:38,9
DA:46,2
DA:47,2
DA:48,2
DA:49,1
DA:50,1
DA:53,1
DA:54,1
DA:55,1
DA:56,5
DA:57,3
DA:58,3
DA:61,2
DA:62,1
DA:65,0
DA:66,0
DA:67,0
DA:74,3
DA:75,3
DA:76,2
DA:77,2
DA:78,0
DA:79,0
DA:84,2
DA:88,1
DA:89,1
DA:90,0
DA:94,1
DA:102,0
DA:108,10
DA:109,2
DA:115,8
DA:123,35
DA:156,2
LF:47
LH:40
BRDA:29,0,0,9
BRDA:29,0,1,15
BRDA:35,1,0,9
BRDA:35,1,1,0
BRDA:35,2,0,9
BRDA:35,2,1,0
BRDA:48,3,0,1
BRDA:48,3,1,1
BRDA:53,4,0,1
BRDA:53,4,1,0
BRDA:56,5,0,3
BRDA:56,5,1,2
BRDA:65,6,0,0
BRDA:65,6,1,0
BRDA:75,7,0,2
BRDA:75,7,1,1
BRDA:77,8,0,0
BRDA:77,8,1,2
BRDA:78,9,0,0
BRDA:78,9,1,0
BRDA:88,10,0,1
BRDA:88,10,1,0
BRDA:89,11,0,0
BRDA:89,11,1,1
BRDA:108,12,0,2
BRDA:108,12,1,8
BRDA:136,13,0,35
BRDA:136,13,1,11
BRF:28
BRH:18
end_of_record
TN:
SF:client/src/components/StarRatingSummary.jsx
FN:8,(anonymous_0)
FN:13,(anonymous_1)
FNF:2
FNH:0
FNDA:0,(anonymous_0)
FNDA:0,(anonymous_1)
DA:9,0
DA:10,0
DA:14,0
LF:3
LH:0
BRF:0
BRH:0
end_of_record
TN:
SF:client/src/components/StarScale.jsx
FN:5,(anonymous_0)
FNF:1
FNH:0
FNDA:0,(anonymous_0)
DA:5,2
DA:6,0
DA:7,0
DA:8,0
DA:10,0
DA:18,2
LF:6
LH:2
BRF:0
BRH:0
end_of_record
