TN:
SF:client/src/components/App.jsx
FN:10,(anonymous_0)
FN:24,(anonymous_1)
FN:28,(anonymous_2)
FN:30,(anonymous_3)
FN:33,(anonymous_4)
FN:38,(anonymous_5)
FN:56,(anonymous_6)
FNF:7
FNH:6
FNDA:4,(anonymous_0)
FNDA:6,(anonymous_1)
FNDA:5,(anonymous_2)
FNDA:5,(anonymous_3)
FNDA:0,(anonymous_4)
FNDA:5,(anonymous_5)
FNDA:10,(anonymous_6)
DA:11,4
DA:12,4
DA:18,4
DA:19,4
DA:25,6
DA:29,5
DA:31,5
DA:34,0
DA:39,5
DA:40,5
DA:41,10
DA:43,5
DA:48,5
DA:49,5
DA:57,10
LF:15
LH:14
BRDA:62,0,0,10
BRDA:62,0,1,5
BRDA:69,1,0,10
BRDA:69,1,1,5
BRDA:73,2,0,10
BRDA:73,2,1,5
BRDA:76,3,0,10
BRDA:76,3,1,5
BRF:8
BRH:8
end_of_record
TN:
SF:client/src/components/NewestView.jsx
FN:7,(anonymous_0)
FN:11,(anonymous_1)
FN:19,(anonymous_2)
FNF:3
FNH:0
FNDA:0,(anonymous_0)
FNDA:0,(anonymous_1)
FNDA:0,(anonymous_2)
DA:8,0
DA:12,0
DA:13,0
DA:14,0
DA:17,0
DA:20,0
LF:6
LH:0
BRF:0
BRH:0
end_of_record
TN:
SF:client/src/components/RatingBreakdown.jsx
FN:4,(anonymous_0)
FNF:1
FNH:0
FNDA:0,(anonymous_0)
DA:4,1
DA:5,0
DA:7,0
DA:14,1
LF:4
LH:2
BRF:0
BRH:0
end_of_record
TN:
SF:client/src/components/RecommendSummary.jsx
FN:3,(anonymous_0)
FNF:1
FNH:0
FNDA:0,(anonymous_0)
DA:3,1
DA:4,0
LF:2
LH:1
BRF:0
BRH:0
end_of_record
TN:
SF:client/src/components/Reviews.jsx
FN:8,(anonymous_0)
FN:19,(anonymous_1)
FN:23,(anonymous_2)
FN:27,(anonymous_3)
FN:39,(anonymous_4)
FN:46,(anonymous_5)
FN:74,(anonymous_6)
FN:89,(anonymous_7)
FNF:8
FNH:4
FNDA:2,(anonymous_0)
FNDA:2,(anonymous_1)
FNDA:0,(anonymous_2)
FNDA:0,(anonymous_3)
FNDA:0,(anonymous_4)
FNDA:0,(anonymous_5)
FNDA:2,(anonymous_6)
FNDA:5,(anonymous_7)
DA:9,2
DA:10,2
DA:14,2
DA:15,2
DA:16,2
DA:20,2
DA:24,0
DA:25,0
DA:26,0
DA:27,0
DA:28,0
DA:31,0
DA:32,0
DA:33,0
DA:34,0
DA:35,0
DA:36,0
DA:39,0
DA:40,0
DA:47,0
DA:48,0
DA:49,0
DA:50,0
DA:51,0
DA:52,0
DA:57,0
DA:61,0
DA:62,0
DA:63,0
DA:67,0
DA:75,2
DA:76,0
DA:82,2
DA:90,5
DA:118,2
LF:35
LH:10
BRDA:26,0,0,0
BRDA:26,0,1,0
BRDA:31,1,0,0
BRDA:31,1,1,0
BRDA:34,2,0,0
BRDA:34,2,1,0
BRDA:48,3,0,0
BRDA:48,3,1,0
BRDA:50,4,0,0
BRDA:50,4,1,0
BRDA:51,5,0,0
BRDA:51,5,1,0
BRDA:61,6,0,0
BRDA:61,6,1,0
BRDA:62,7,0,0
BRDA:62,7,1,0
BRDA:75,8,0,0
BRDA:75,8,1,2
BRDA:103,9,0,5
BRDA:103,9,1,3
BRF:20
BRH:3
end_of_record
TN:
SF:client/src/components/StarRatingSummary.jsx
FN:8,(anonymous_0)
FN:13,(anonymous_1)
FNF:2
FNH:0
FNDA:0,(anonymous_0)
FNDA:0,(anonymous_1)
DA:9,0
DA:10,0
DA:14,0
LF:3
LH:0
BRF:0
BRH:0
end_of_record
